<?xml version="1.0" encoding="UTF-8"?>
<!-- Generated by org.testng.reporters.JUnitReportReporter -->
<testsuite hostname="LAPTOP-22AEE7RA" failures="0" tests="1" name="TestRunner" time="3.962" errors="0" timestamp="2022-05-09T22:08:08 EDT" skipped="0">
  <testcase classname="TestRunner" name="runScenario" time="3.962"/>
  <system-out/>
</testsuite> <!-- TestRunner -->
