<?xml version="1.0" encoding="UTF-8"?>
<!-- Generated by org.testng.reporters.JUnitReportReporter -->
<testsuite hostname="LAPTOP-22AEE7RA" failures="0" tests="3" name="TestRunner" time="10.512" errors="0" timestamp="2022-05-14T23:20:47 EDT" skipped="0">
  <testcase classname="TestRunner" name="runScenario" time="4.536"/>
  <system-out/>
  <testcase classname="TestRunner" name="runScenario" time="3.234"/>
  <system-out/>
  <testcase classname="TestRunner" name="runScenario" time="2.742"/>
  <system-out/>
</testsuite> <!-- TestRunner -->
