<?xml version="1.0" encoding="UTF-8"?>
<!-- Generated by org.testng.reporters.JUnitReportReporter -->
<testsuite hostname="LAPTOP-22AEE7RA" failures="0" tests="1" name="TestRunner" time="5.434" errors="0" timestamp="2022-05-10T11:53:08 EDT" skipped="0">
  <testcase classname="TestRunner" name="runScenario" time="5.434"/>
  <system-out/>
</testsuite> <!-- TestRunner -->
